{
  "stats": {
    "suites": 1,
    "tests": 1,
    "passes": 1,
    "pending": 0,
    "failures": 0,
    "start": "2025-09-26T19:26:19.643Z",
    "end": "2025-09-26T19:27:00.683Z",
    "duration": 41040,
    "testsRegistered": 1,
    "passPercent": 100,
    "pendingPercent": 0,
    "other": 0,
    "hasOther": false,
    "skipped": 0,
    "hasSkipped": false
  },
  "results": [
    {
      "uuid": "5bf96909-36d3-44fa-a1c1-c22cb2c50a9d",
      "title": "",
      "fullFile": "cypress\\e2e\\saucede.cy.js",
      "file": "cypress\\e2e\\saucede.cy.js",
      "beforeHooks": [],
      "afterHooks": [],
      "tests": [],
      "suites": [
        {
          "uuid": "943d353c-bee1-4930-9477-9f1a445cc58e",
          "title": "Fluxo de Compra - Simples",
          "fullFile": "",
          "file": "",
          "beforeHooks": [],
          "afterHooks": [],
          "tests": [
            {
              "title": "Deve realizar uma compra completa com sucesso",
              "fullTitle": "Fluxo de Compra - Simples Deve realizar uma compra completa com sucesso",
              "timedOut": null,
              "duration": 38975,
              "state": "passed",
              "speed": "slow",
              "pass": true,
              "fail": false,
              "pending": false,
              "context": null,
              "code": "cy.contains('.inventory_item', 'Sauce Labs Backpack').find('button').click();\ncy.get('.shopping_cart_link').click();\ncy.wait(5000);\ncy.get('[data-test=\"checkout\"]').click();\ncy.wait(5000);\ncy.get('[data-test=\"firstName\"]').type('Marcus');\ncy.wait(5000);\ncy.get('[data-test=\"lastName\"]').type('Rocha');\ncy.wait(5000);\ncy.get('[data-test=\"postalCode\"]').type('40000-000');\ncy.wait(5000);\ncy.get('[data-test=\"continue\"]').click();\ncy.wait(5000);\ncy.get('[data-test=\"finish\"]').click();\ncy.wait(5000);",
              "err": {},
              "uuid": "5a757315-734d-48d2-bfcc-68d934ed8bf8",
              "parentUUID": "943d353c-bee1-4930-9477-9f1a445cc58e",
              "isHook": false,
              "skipped": false
            }
          ],
          "suites": [],
          "passes": [
            "5a757315-734d-48d2-bfcc-68d934ed8bf8"
          ],
          "failures": [],
          "pending": [],
          "skipped": [],
          "duration": 38975,
          "root": false,
          "rootEmpty": false,
          "_timeout": 2000
        }
      ],
      "passes": [],
      "failures": [],
      "pending": [],
      "skipped": [],
      "duration": 0,
      "root": true,
      "rootEmpty": true,
      "_timeout": 2000
    }
  ],
  "meta": {
    "mocha": {
      "version": "7.2.0"
    },
    "mochawesome": {
      "options": {
        "quiet": false,
        "reportFilename": "mochawesome",
        "saveHtml": true,
        "saveJson": true,
        "consoleReporter": "spec",
        "useInlineDiffs": false,
        "code": true
      },
      "version": "7.1.4"
    },
    "marge": {
      "options": {
        "reportDir": "cypress/reports",
        "overwrite": false,
        "html": true,
        "json": true
      },
      "version": "6.3.0"
    }
  }
}